2019-11-22 15:35:35.136 [main] INFO  com.fsl.page.TestProcessBuilder - Starting TestProcessBuilder on localhost with PID 43634 (started by a123 in /Users/a123/Downloads/mplpage)
2019-11-22 15:35:35.138 [main] DEBUG com.fsl.page.TestProcessBuilder - Running with Spring Boot v2.0.3.RELEASE, Spring v5.0.7.RELEASE
2019-11-22 15:35:35.143 [main] INFO  com.fsl.page.TestProcessBuilder - No active profile set, falling back to default profiles: default
2019-11-22 15:35:35.388 [main] INFO  o.s.w.c.s.GenericWebApplicationContext - Refreshing org.springframework.web.context.support.GenericWebApplicationContext@420bc288: startup date [Fri Nov 22 15:35:35 CST 2019]; root of context hierarchy
2019-11-22 15:35:39.143 [main] INFO  c.a.d.s.b.a.DruidDataSourceAutoConfigure - Init DruidDataSource
2019-11-22 15:35:40.360 [main] INFO  c.alibaba.druid.pool.DruidDataSource - {dataSource-1} inited
2019-11-22 15:35:41.777 [main] INFO  o.s.w.s.h.SimpleUrlHandlerMapping - Mapped URL path [/**/favicon.ico] onto handler of type [class org.springframework.web.servlet.resource.ResourceHttpRequestHandler]
2019-11-22 15:35:42.336 [main] INFO  o.s.w.s.m.m.a.RequestMappingHandlerAdapter - Looking for @ControllerAdvice: org.springframework.web.context.support.GenericWebApplicationContext@420bc288: startup date [Fri Nov 22 15:35:35 CST 2019]; root of context hierarchy
2019-11-22 15:35:42.538 [main] INFO  o.s.w.s.m.m.a.RequestMappingHandlerMapping - Mapped "{[/error]}" onto public org.springframework.http.ResponseEntity<java.util.Map<java.lang.String, java.lang.Object>> org.springframework.boot.autoconfigure.web.servlet.error.BasicErrorController.error(javax.servlet.http.HttpServletRequest)
2019-11-22 15:35:42.541 [main] INFO  o.s.w.s.m.m.a.RequestMappingHandlerMapping - Mapped "{[/error],produces=[text/html]}" onto public org.springframework.web.servlet.ModelAndView org.springframework.boot.autoconfigure.web.servlet.error.BasicErrorController.errorHtml(javax.servlet.http.HttpServletRequest,javax.servlet.http.HttpServletResponse)
2019-11-22 15:35:42.651 [main] INFO  o.s.w.s.h.SimpleUrlHandlerMapping - Mapped URL path [/webjars/**] onto handler of type [class org.springframework.web.servlet.resource.ResourceHttpRequestHandler]
2019-11-22 15:35:42.652 [main] INFO  o.s.w.s.h.SimpleUrlHandlerMapping - Mapped URL path [/**] onto handler of type [class org.springframework.web.servlet.resource.ResourceHttpRequestHandler]
2019-11-22 15:35:43.444 [main] INFO  com.fsl.page.TestProcessBuilder - Started TestProcessBuilder in 9.665 seconds (JVM running for 13.207)
2019-11-22 15:35:43.828 [main] DEBUG c.fsl.page.dao.StudentDao.selectAll - ==>  Preparing: select * from student 
2019-11-22 15:35:43.896 [main] DEBUG c.fsl.page.dao.StudentDao.selectAll - ==> Parameters: 
2019-11-22 15:35:44.006 [main] DEBUG c.fsl.page.dao.StudentDao.selectAll - <==      Total: 14
2019-11-22 15:35:44.021 [Thread-3] INFO  o.s.w.c.s.GenericWebApplicationContext - Closing org.springframework.web.context.support.GenericWebApplicationContext@420bc288: startup date [Fri Nov 22 15:35:35 CST 2019]; root of context hierarchy
2019-11-22 15:35:44.049 [Thread-3] INFO  c.alibaba.druid.pool.DruidDataSource - {dataSource-1} closed
2019-11-22 15:36:04.690 [main] INFO  com.fsl.page.TestProcessBuilder - Starting TestProcessBuilder on localhost with PID 43648 (started by a123 in /Users/a123/Downloads/mplpage)
2019-11-22 15:36:04.721 [main] DEBUG com.fsl.page.TestProcessBuilder - Running with Spring Boot v2.0.3.RELEASE, Spring v5.0.7.RELEASE
2019-11-22 15:36:04.726 [main] INFO  com.fsl.page.TestProcessBuilder - No active profile set, falling back to default profiles: default
2019-11-22 15:36:04.855 [main] INFO  o.s.w.c.s.GenericWebApplicationContext - Refreshing org.springframework.web.context.support.GenericWebApplicationContext@71652c98: startup date [Fri Nov 22 15:36:04 CST 2019]; root of context hierarchy
2019-11-22 15:36:07.772 [main] INFO  c.a.d.s.b.a.DruidDataSourceAutoConfigure - Init DruidDataSource
2019-11-22 15:36:08.987 [main] INFO  c.alibaba.druid.pool.DruidDataSource - {dataSource-1} inited
2019-11-22 15:36:10.291 [main] INFO  o.s.w.s.h.SimpleUrlHandlerMapping - Mapped URL path [/**/favicon.ico] onto handler of type [class org.springframework.web.servlet.resource.ResourceHttpRequestHandler]
2019-11-22 15:36:10.867 [main] INFO  o.s.w.s.m.m.a.RequestMappingHandlerAdapter - Looking for @ControllerAdvice: org.springframework.web.context.support.GenericWebApplicationContext@71652c98: startup date [Fri Nov 22 15:36:04 CST 2019]; root of context hierarchy
2019-11-22 15:36:11.095 [main] INFO  o.s.w.s.m.m.a.RequestMappingHandlerMapping - Mapped "{[/error]}" onto public org.springframework.http.ResponseEntity<java.util.Map<java.lang.String, java.lang.Object>> org.springframework.boot.autoconfigure.web.servlet.error.BasicErrorController.error(javax.servlet.http.HttpServletRequest)
2019-11-22 15:36:11.102 [main] INFO  o.s.w.s.m.m.a.RequestMappingHandlerMapping - Mapped "{[/error],produces=[text/html]}" onto public org.springframework.web.servlet.ModelAndView org.springframework.boot.autoconfigure.web.servlet.error.BasicErrorController.errorHtml(javax.servlet.http.HttpServletRequest,javax.servlet.http.HttpServletResponse)
2019-11-22 15:36:11.210 [main] INFO  o.s.w.s.h.SimpleUrlHandlerMapping - Mapped URL path [/webjars/**] onto handler of type [class org.springframework.web.servlet.resource.ResourceHttpRequestHandler]
2019-11-22 15:36:11.210 [main] INFO  o.s.w.s.h.SimpleUrlHandlerMapping - Mapped URL path [/**] onto handler of type [class org.springframework.web.servlet.resource.ResourceHttpRequestHandler]
2019-11-22 15:36:12.039 [main] INFO  com.fsl.page.TestProcessBuilder - Started TestProcessBuilder in 8.608 seconds (JVM running for 11.836)
2019-11-22 15:36:12.422 [main] DEBUG c.fsl.page.dao.StudentDao.selectAll - ==>  Preparing: select * from student 
2019-11-22 15:36:12.480 [main] DEBUG c.fsl.page.dao.StudentDao.selectAll - ==> Parameters: 
2019-11-22 15:36:12.540 [main] DEBUG c.fsl.page.dao.StudentDao.selectAll - <==      Total: 14
2019-11-22 15:36:12.558 [Thread-3] INFO  o.s.w.c.s.GenericWebApplicationContext - Closing org.springframework.web.context.support.GenericWebApplicationContext@71652c98: startup date [Fri Nov 22 15:36:04 CST 2019]; root of context hierarchy
2019-11-22 15:36:12.584 [Thread-3] INFO  c.alibaba.druid.pool.DruidDataSource - {dataSource-1} closed
2019-11-22 15:37:30.782 [main] INFO  com.fsl.page.TestProcessBuilder - Starting TestProcessBuilder on localhost with PID 43672 (started by a123 in /Users/a123/Downloads/mplpage)
2019-11-22 15:37:30.784 [main] DEBUG com.fsl.page.TestProcessBuilder - Running with Spring Boot v2.0.3.RELEASE, Spring v5.0.7.RELEASE
2019-11-22 15:37:30.801 [main] INFO  com.fsl.page.TestProcessBuilder - No active profile set, falling back to default profiles: default
2019-11-22 15:37:30.930 [main] INFO  o.s.w.c.s.GenericWebApplicationContext - Refreshing org.springframework.web.context.support.GenericWebApplicationContext@65ef722a: startup date [Fri Nov 22 15:37:30 CST 2019]; root of context hierarchy
2019-11-22 15:37:34.132 [main] INFO  c.a.d.s.b.a.DruidDataSourceAutoConfigure - Init DruidDataSource
2019-11-22 15:37:35.622 [main] INFO  c.alibaba.druid.pool.DruidDataSource - {dataSource-1} inited
2019-11-22 15:37:36.742 [main] INFO  o.s.w.s.h.SimpleUrlHandlerMapping - Mapped URL path [/**/favicon.ico] onto handler of type [class org.springframework.web.servlet.resource.ResourceHttpRequestHandler]
2019-11-22 15:37:37.212 [main] INFO  o.s.w.s.m.m.a.RequestMappingHandlerAdapter - Looking for @ControllerAdvice: org.springframework.web.context.support.GenericWebApplicationContext@65ef722a: startup date [Fri Nov 22 15:37:30 CST 2019]; root of context hierarchy
2019-11-22 15:37:37.388 [main] INFO  o.s.w.s.m.m.a.RequestMappingHandlerMapping - Mapped "{[/error]}" onto public org.springframework.http.ResponseEntity<java.util.Map<java.lang.String, java.lang.Object>> org.springframework.boot.autoconfigure.web.servlet.error.BasicErrorController.error(javax.servlet.http.HttpServletRequest)
2019-11-22 15:37:37.391 [main] INFO  o.s.w.s.m.m.a.RequestMappingHandlerMapping - Mapped "{[/error],produces=[text/html]}" onto public org.springframework.web.servlet.ModelAndView org.springframework.boot.autoconfigure.web.servlet.error.BasicErrorController.errorHtml(javax.servlet.http.HttpServletRequest,javax.servlet.http.HttpServletResponse)
2019-11-22 15:37:37.526 [main] INFO  o.s.w.s.h.SimpleUrlHandlerMapping - Mapped URL path [/webjars/**] onto handler of type [class org.springframework.web.servlet.resource.ResourceHttpRequestHandler]
2019-11-22 15:37:37.526 [main] INFO  o.s.w.s.h.SimpleUrlHandlerMapping - Mapped URL path [/**] onto handler of type [class org.springframework.web.servlet.resource.ResourceHttpRequestHandler]
2019-11-22 15:37:38.547 [main] INFO  com.fsl.page.TestProcessBuilder - Started TestProcessBuilder in 9.121 seconds (JVM running for 12.231)
2019-11-22 15:37:38.945 [main] DEBUG c.fsl.page.dao.StudentDao.selectAll - ==>  Preparing: select * from student 
2019-11-22 15:37:39.003 [main] DEBUG c.fsl.page.dao.StudentDao.selectAll - ==> Parameters: 
2019-11-22 15:37:39.057 [main] DEBUG c.fsl.page.dao.StudentDao.selectAll - <==      Total: 14
2019-11-22 15:37:39.073 [Thread-3] INFO  o.s.w.c.s.GenericWebApplicationContext - Closing org.springframework.web.context.support.GenericWebApplicationContext@65ef722a: startup date [Fri Nov 22 15:37:30 CST 2019]; root of context hierarchy
2019-11-22 15:37:39.099 [Thread-3] INFO  c.alibaba.druid.pool.DruidDataSource - {dataSource-1} closed
2019-11-22 15:40:01.646 [main] INFO  com.fsl.page.TestProcessBuilder - Starting TestProcessBuilder on localhost with PID 43720 (started by a123 in /Users/a123/Downloads/mplpage)
2019-11-22 15:40:01.648 [main] DEBUG com.fsl.page.TestProcessBuilder - Running with Spring Boot v2.0.3.RELEASE, Spring v5.0.7.RELEASE
2019-11-22 15:40:01.656 [main] INFO  com.fsl.page.TestProcessBuilder - No active profile set, falling back to default profiles: default
2019-11-22 15:40:01.767 [main] INFO  o.s.w.c.s.GenericWebApplicationContext - Refreshing org.springframework.web.context.support.GenericWebApplicationContext@1e287667: startup date [Fri Nov 22 15:40:01 CST 2019]; root of context hierarchy
2019-11-22 15:40:05.073 [main] INFO  c.a.d.s.b.a.DruidDataSourceAutoConfigure - Init DruidDataSource
2019-11-22 15:40:06.356 [main] INFO  c.alibaba.druid.pool.DruidDataSource - {dataSource-1} inited
2019-11-22 15:40:07.823 [main] INFO  o.s.w.s.h.SimpleUrlHandlerMapping - Mapped URL path [/**/favicon.ico] onto handler of type [class org.springframework.web.servlet.resource.ResourceHttpRequestHandler]
2019-11-22 15:40:08.427 [main] INFO  o.s.w.s.m.m.a.RequestMappingHandlerAdapter - Looking for @ControllerAdvice: org.springframework.web.context.support.GenericWebApplicationContext@1e287667: startup date [Fri Nov 22 15:40:01 CST 2019]; root of context hierarchy
2019-11-22 15:40:08.712 [main] INFO  o.s.w.s.m.m.a.RequestMappingHandlerMapping - Mapped "{[/error]}" onto public org.springframework.http.ResponseEntity<java.util.Map<java.lang.String, java.lang.Object>> org.springframework.boot.autoconfigure.web.servlet.error.BasicErrorController.error(javax.servlet.http.HttpServletRequest)
2019-11-22 15:40:08.723 [main] INFO  o.s.w.s.m.m.a.RequestMappingHandlerMapping - Mapped "{[/error],produces=[text/html]}" onto public org.springframework.web.servlet.ModelAndView org.springframework.boot.autoconfigure.web.servlet.error.BasicErrorController.errorHtml(javax.servlet.http.HttpServletRequest,javax.servlet.http.HttpServletResponse)
2019-11-22 15:40:08.782 [main] INFO  o.s.w.s.h.SimpleUrlHandlerMapping - Mapped URL path [/webjars/**] onto handler of type [class org.springframework.web.servlet.resource.ResourceHttpRequestHandler]
2019-11-22 15:40:08.782 [main] INFO  o.s.w.s.h.SimpleUrlHandlerMapping - Mapped URL path [/**] onto handler of type [class org.springframework.web.servlet.resource.ResourceHttpRequestHandler]
2019-11-22 15:40:09.663 [main] INFO  com.fsl.page.TestProcessBuilder - Started TestProcessBuilder in 9.32 seconds (JVM running for 12.611)
2019-11-22 15:40:10.118 [main] DEBUG c.fsl.page.dao.StudentDao.selectAll - ==>  Preparing: select * from student 
2019-11-22 15:40:10.171 [main] DEBUG c.fsl.page.dao.StudentDao.selectAll - ==> Parameters: 
2019-11-22 15:40:10.227 [main] DEBUG c.fsl.page.dao.StudentDao.selectAll - <==      Total: 14
2019-11-22 15:40:10.248 [Thread-3] INFO  o.s.w.c.s.GenericWebApplicationContext - Closing org.springframework.web.context.support.GenericWebApplicationContext@1e287667: startup date [Fri Nov 22 15:40:01 CST 2019]; root of context hierarchy
2019-11-22 15:40:10.262 [Thread-3] INFO  c.alibaba.druid.pool.DruidDataSource - {dataSource-1} closed
2019-11-22 15:41:27.360 [main] INFO  com.fsl.page.TestProcessBuilder - Starting TestProcessBuilder on localhost with PID 43747 (started by a123 in /Users/a123/Downloads/mplpage)
2019-11-22 15:41:27.366 [main] DEBUG com.fsl.page.TestProcessBuilder - Running with Spring Boot v2.0.3.RELEASE, Spring v5.0.7.RELEASE
2019-11-22 15:41:27.381 [main] INFO  com.fsl.page.TestProcessBuilder - No active profile set, falling back to default profiles: default
2019-11-22 15:41:27.576 [main] INFO  o.s.w.c.s.GenericWebApplicationContext - Refreshing org.springframework.web.context.support.GenericWebApplicationContext@54336c81: startup date [Fri Nov 22 15:41:27 CST 2019]; root of context hierarchy
2019-11-22 15:41:28.901 [main] WARN  o.m.s.mapper.ClassPathMapperScanner - Skipping MapperFactoryBean with name 'studentDao' and 'com.fsl.page.dao.StudentDao' mapperInterface. Bean already defined with the same name!
2019-11-22 15:41:28.901 [main] WARN  o.m.s.mapper.ClassPathMapperScanner - No MyBatis mapper was found in '[com.fsl.page.dao]' package. Please check your configuration.
2019-11-22 15:41:30.794 [main] INFO  c.a.d.s.b.a.DruidDataSourceAutoConfigure - Init DruidDataSource
2019-11-22 15:41:32.348 [main] INFO  c.alibaba.druid.pool.DruidDataSource - {dataSource-1} inited
2019-11-22 15:41:33.583 [main] INFO  o.s.w.s.h.SimpleUrlHandlerMapping - Mapped URL path [/**/favicon.ico] onto handler of type [class org.springframework.web.servlet.resource.ResourceHttpRequestHandler]
2019-11-22 15:41:34.233 [main] INFO  o.s.w.s.m.m.a.RequestMappingHandlerAdapter - Looking for @ControllerAdvice: org.springframework.web.context.support.GenericWebApplicationContext@54336c81: startup date [Fri Nov 22 15:41:27 CST 2019]; root of context hierarchy
2019-11-22 15:41:34.557 [main] INFO  o.s.w.s.m.m.a.RequestMappingHandlerMapping - Mapped "{[/error]}" onto public org.springframework.http.ResponseEntity<java.util.Map<java.lang.String, java.lang.Object>> org.springframework.boot.autoconfigure.web.servlet.error.BasicErrorController.error(javax.servlet.http.HttpServletRequest)
2019-11-22 15:41:34.559 [main] INFO  o.s.w.s.m.m.a.RequestMappingHandlerMapping - Mapped "{[/error],produces=[text/html]}" onto public org.springframework.web.servlet.ModelAndView org.springframework.boot.autoconfigure.web.servlet.error.BasicErrorController.errorHtml(javax.servlet.http.HttpServletRequest,javax.servlet.http.HttpServletResponse)
2019-11-22 15:41:34.625 [main] INFO  o.s.w.s.h.SimpleUrlHandlerMapping - Mapped URL path [/webjars/**] onto handler of type [class org.springframework.web.servlet.resource.ResourceHttpRequestHandler]
2019-11-22 15:41:34.625 [main] INFO  o.s.w.s.h.SimpleUrlHandlerMapping - Mapped URL path [/**] onto handler of type [class org.springframework.web.servlet.resource.ResourceHttpRequestHandler]
2019-11-22 15:41:35.432 [main] INFO  com.fsl.page.TestProcessBuilder - Started TestProcessBuilder in 9.432 seconds (JVM running for 12.807)
2019-11-22 15:41:35.823 [main] DEBUG c.fsl.page.dao.StudentDao.selectAll - ==>  Preparing: select * from student 
2019-11-22 15:41:35.875 [main] DEBUG c.fsl.page.dao.StudentDao.selectAll - ==> Parameters: 
2019-11-22 15:41:35.939 [main] DEBUG c.fsl.page.dao.StudentDao.selectAll - <==      Total: 14
2019-11-22 15:41:35.966 [Thread-3] INFO  o.s.w.c.s.GenericWebApplicationContext - Closing org.springframework.web.context.support.GenericWebApplicationContext@54336c81: startup date [Fri Nov 22 15:41:27 CST 2019]; root of context hierarchy
2019-11-22 15:41:35.987 [Thread-3] INFO  c.alibaba.druid.pool.DruidDataSource - {dataSource-1} closed
2019-11-22 15:42:49.161 [main] INFO  com.fsl.page.TestProcessBuilder - Starting TestProcessBuilder on localhost with PID 43770 (started by a123 in /Users/a123/Downloads/mplpage)
2019-11-22 15:42:49.163 [main] DEBUG com.fsl.page.TestProcessBuilder - Running with Spring Boot v2.0.3.RELEASE, Spring v5.0.7.RELEASE
2019-11-22 15:42:49.166 [main] INFO  com.fsl.page.TestProcessBuilder - No active profile set, falling back to default profiles: default
2019-11-22 15:42:49.320 [main] INFO  o.s.w.c.s.GenericWebApplicationContext - Refreshing org.springframework.web.context.support.GenericWebApplicationContext@5aa360ea: startup date [Fri Nov 22 15:42:49 CST 2019]; root of context hierarchy
2019-11-22 15:42:50.537 [main] WARN  o.m.s.mapper.ClassPathMapperScanner - Skipping MapperFactoryBean with name 'studentDao' and 'com.fsl.page.dao.StudentDao' mapperInterface. Bean already defined with the same name!
2019-11-22 15:42:50.538 [main] WARN  o.m.s.mapper.ClassPathMapperScanner - No MyBatis mapper was found in '[com.fsl.page.dao]' package. Please check your configuration.
2019-11-22 15:42:52.358 [main] INFO  c.a.d.s.b.a.DruidDataSourceAutoConfigure - Init DruidDataSource
2019-11-22 15:42:53.428 [main] INFO  c.alibaba.druid.pool.DruidDataSource - {dataSource-1} inited
2019-11-22 15:42:54.818 [main] INFO  o.s.w.s.h.SimpleUrlHandlerMapping - Mapped URL path [/**/favicon.ico] onto handler of type [class org.springframework.web.servlet.resource.ResourceHttpRequestHandler]
2019-11-22 15:42:55.462 [main] INFO  o.s.w.s.m.m.a.RequestMappingHandlerAdapter - Looking for @ControllerAdvice: org.springframework.web.context.support.GenericWebApplicationContext@5aa360ea: startup date [Fri Nov 22 15:42:49 CST 2019]; root of context hierarchy
2019-11-22 15:42:55.655 [main] INFO  o.s.w.s.m.m.a.RequestMappingHandlerMapping - Mapped "{[/error]}" onto public org.springframework.http.ResponseEntity<java.util.Map<java.lang.String, java.lang.Object>> org.springframework.boot.autoconfigure.web.servlet.error.BasicErrorController.error(javax.servlet.http.HttpServletRequest)
2019-11-22 15:42:55.658 [main] INFO  o.s.w.s.m.m.a.RequestMappingHandlerMapping - Mapped "{[/error],produces=[text/html]}" onto public org.springframework.web.servlet.ModelAndView org.springframework.boot.autoconfigure.web.servlet.error.BasicErrorController.errorHtml(javax.servlet.http.HttpServletRequest,javax.servlet.http.HttpServletResponse)
2019-11-22 15:42:55.835 [main] INFO  o.s.w.s.h.SimpleUrlHandlerMapping - Mapped URL path [/webjars/**] onto handler of type [class org.springframework.web.servlet.resource.ResourceHttpRequestHandler]
2019-11-22 15:42:55.836 [main] INFO  o.s.w.s.h.SimpleUrlHandlerMapping - Mapped URL path [/**] onto handler of type [class org.springframework.web.servlet.resource.ResourceHttpRequestHandler]
2019-11-22 15:42:56.661 [main] INFO  com.fsl.page.TestProcessBuilder - Started TestProcessBuilder in 8.628 seconds (JVM running for 12.048)
2019-11-22 15:42:57.017 [main] DEBUG c.fsl.page.dao.StudentDao.selectAll - ==>  Preparing: select * from student 
2019-11-22 15:42:57.067 [main] DEBUG c.fsl.page.dao.StudentDao.selectAll - ==> Parameters: 
2019-11-22 15:42:57.135 [main] DEBUG c.fsl.page.dao.StudentDao.selectAll - <==      Total: 14
2019-11-22 15:42:57.148 [Thread-3] INFO  o.s.w.c.s.GenericWebApplicationContext - Closing org.springframework.web.context.support.GenericWebApplicationContext@5aa360ea: startup date [Fri Nov 22 15:42:49 CST 2019]; root of context hierarchy
2019-11-22 15:42:57.172 [Thread-3] INFO  c.alibaba.druid.pool.DruidDataSource - {dataSource-1} closed
2019-11-22 15:43:55.974 [main] INFO  com.fsl.page.TestProcessBuilder - Starting TestProcessBuilder on localhost with PID 43792 (started by a123 in /Users/a123/Downloads/mplpage)
2019-11-22 15:43:55.978 [main] DEBUG com.fsl.page.TestProcessBuilder - Running with Spring Boot v2.0.3.RELEASE, Spring v5.0.7.RELEASE
2019-11-22 15:43:55.990 [main] INFO  com.fsl.page.TestProcessBuilder - No active profile set, falling back to default profiles: default
2019-11-22 15:43:56.094 [main] INFO  o.s.w.c.s.GenericWebApplicationContext - Refreshing org.springframework.web.context.support.GenericWebApplicationContext@49bd54f7: startup date [Fri Nov 22 15:43:56 CST 2019]; root of context hierarchy
2019-11-22 15:43:57.230 [main] WARN  o.m.s.mapper.ClassPathMapperScanner - Skipping MapperFactoryBean with name 'studentDao' and 'com.fsl.page.dao.StudentDao' mapperInterface. Bean already defined with the same name!
2019-11-22 15:43:57.231 [main] WARN  o.m.s.mapper.ClassPathMapperScanner - No MyBatis mapper was found in '[com.fsl.page.dao]' package. Please check your configuration.
2019-11-22 15:43:59.649 [main] INFO  c.a.d.s.b.a.DruidDataSourceAutoConfigure - Init DruidDataSource
2019-11-22 15:44:01.051 [main] INFO  c.alibaba.druid.pool.DruidDataSource - {dataSource-1} inited
2019-11-22 15:44:02.272 [main] INFO  o.s.w.s.h.SimpleUrlHandlerMapping - Mapped URL path [/**/favicon.ico] onto handler of type [class org.springframework.web.servlet.resource.ResourceHttpRequestHandler]
2019-11-22 15:44:02.779 [main] INFO  o.s.w.s.m.m.a.RequestMappingHandlerAdapter - Looking for @ControllerAdvice: org.springframework.web.context.support.GenericWebApplicationContext@49bd54f7: startup date [Fri Nov 22 15:43:56 CST 2019]; root of context hierarchy
2019-11-22 15:44:02.944 [main] INFO  o.s.w.s.m.m.a.RequestMappingHandlerMapping - Mapped "{[/error]}" onto public org.springframework.http.ResponseEntity<java.util.Map<java.lang.String, java.lang.Object>> org.springframework.boot.autoconfigure.web.servlet.error.BasicErrorController.error(javax.servlet.http.HttpServletRequest)
2019-11-22 15:44:02.947 [main] INFO  o.s.w.s.m.m.a.RequestMappingHandlerMapping - Mapped "{[/error],produces=[text/html]}" onto public org.springframework.web.servlet.ModelAndView org.springframework.boot.autoconfigure.web.servlet.error.BasicErrorController.errorHtml(javax.servlet.http.HttpServletRequest,javax.servlet.http.HttpServletResponse)
2019-11-22 15:44:03.019 [main] INFO  o.s.w.s.h.SimpleUrlHandlerMapping - Mapped URL path [/webjars/**] onto handler of type [class org.springframework.web.servlet.resource.ResourceHttpRequestHandler]
2019-11-22 15:44:03.019 [main] INFO  o.s.w.s.h.SimpleUrlHandlerMapping - Mapped URL path [/**] onto handler of type [class org.springframework.web.servlet.resource.ResourceHttpRequestHandler]
2019-11-22 15:44:03.956 [main] INFO  com.fsl.page.TestProcessBuilder - Started TestProcessBuilder in 9.271 seconds (JVM running for 12.634)
2019-11-22 15:44:04.300 [main] DEBUG c.fsl.page.dao.StudentDao.selectAll - ==>  Preparing: select * from student 
2019-11-22 15:44:04.355 [main] DEBUG c.fsl.page.dao.StudentDao.selectAll - ==> Parameters: 
2019-11-22 15:44:04.411 [main] DEBUG c.fsl.page.dao.StudentDao.selectAll - <==      Total: 14
2019-11-22 15:44:04.422 [Thread-3] INFO  o.s.w.c.s.GenericWebApplicationContext - Closing org.springframework.web.context.support.GenericWebApplicationContext@49bd54f7: startup date [Fri Nov 22 15:43:56 CST 2019]; root of context hierarchy
2019-11-22 15:44:04.444 [Thread-3] INFO  c.alibaba.druid.pool.DruidDataSource - {dataSource-1} closed
2019-11-22 15:52:02.643 [main] INFO  com.fsl.page.TestProcessBuilder - Starting TestProcessBuilder on localhost with PID 43943 (started by a123 in /Users/a123/Downloads/mplpage)
2019-11-22 15:52:02.645 [main] DEBUG com.fsl.page.TestProcessBuilder - Running with Spring Boot v2.0.3.RELEASE, Spring v5.0.7.RELEASE
2019-11-22 15:52:02.648 [main] INFO  com.fsl.page.TestProcessBuilder - No active profile set, falling back to default profiles: default
2019-11-22 15:52:02.794 [main] INFO  o.s.w.c.s.GenericWebApplicationContext - Refreshing org.springframework.web.context.support.GenericWebApplicationContext@24c4ddae: startup date [Fri Nov 22 15:52:02 CST 2019]; root of context hierarchy
2019-11-22 15:52:03.854 [main] WARN  o.m.s.mapper.ClassPathMapperScanner - Skipping MapperFactoryBean with name 'studentDao' and 'com.fsl.page.dao.StudentDao' mapperInterface. Bean already defined with the same name!
2019-11-22 15:52:03.855 [main] WARN  o.m.s.mapper.ClassPathMapperScanner - No MyBatis mapper was found in '[com.fsl.page.dao]' package. Please check your configuration.
2019-11-22 15:52:05.052 [main] INFO  c.a.d.s.b.a.DruidDataSourceAutoConfigure - Init DruidDataSource
2019-11-22 15:52:06.357 [main] INFO  c.alibaba.druid.pool.DruidDataSource - {dataSource-1} inited
2019-11-22 15:52:07.126 [main] INFO  o.s.w.s.h.SimpleUrlHandlerMapping - Mapped URL path [/**/favicon.ico] onto handler of type [class org.springframework.web.servlet.resource.ResourceHttpRequestHandler]
2019-11-22 15:52:07.643 [main] INFO  o.s.w.s.m.m.a.RequestMappingHandlerAdapter - Looking for @ControllerAdvice: org.springframework.web.context.support.GenericWebApplicationContext@24c4ddae: startup date [Fri Nov 22 15:52:02 CST 2019]; root of context hierarchy
2019-11-22 15:52:07.777 [main] INFO  o.s.w.s.m.m.a.RequestMappingHandlerMapping - Mapped "{[/error]}" onto public org.springframework.http.ResponseEntity<java.util.Map<java.lang.String, java.lang.Object>> org.springframework.boot.autoconfigure.web.servlet.error.BasicErrorController.error(javax.servlet.http.HttpServletRequest)
2019-11-22 15:52:07.780 [main] INFO  o.s.w.s.m.m.a.RequestMappingHandlerMapping - Mapped "{[/error],produces=[text/html]}" onto public org.springframework.web.servlet.ModelAndView org.springframework.boot.autoconfigure.web.servlet.error.BasicErrorController.errorHtml(javax.servlet.http.HttpServletRequest,javax.servlet.http.HttpServletResponse)
2019-11-22 15:52:07.828 [main] INFO  o.s.w.s.h.SimpleUrlHandlerMapping - Mapped URL path [/webjars/**] onto handler of type [class org.springframework.web.servlet.resource.ResourceHttpRequestHandler]
2019-11-22 15:52:07.829 [main] INFO  o.s.w.s.h.SimpleUrlHandlerMapping - Mapped URL path [/**] onto handler of type [class org.springframework.web.servlet.resource.ResourceHttpRequestHandler]
2019-11-22 15:52:08.474 [main] INFO  com.fsl.page.TestProcessBuilder - Started TestProcessBuilder in 7.661 seconds (JVM running for 10.184)
2019-11-22 15:52:08.765 [Thread-3] INFO  o.s.w.c.s.GenericWebApplicationContext - Closing org.springframework.web.context.support.GenericWebApplicationContext@24c4ddae: startup date [Fri Nov 22 15:52:02 CST 2019]; root of context hierarchy
2019-11-22 15:52:08.788 [Thread-3] INFO  c.alibaba.druid.pool.DruidDataSource - {dataSource-1} closed
2019-11-22 15:54:42.488 [main] INFO  com.fsl.page.TestProcessBuilder - Starting TestProcessBuilder on localhost with PID 44004 (started by a123 in /Users/a123/Downloads/mplpage)
2019-11-22 15:54:42.490 [main] DEBUG com.fsl.page.TestProcessBuilder - Running with Spring Boot v2.0.3.RELEASE, Spring v5.0.7.RELEASE
2019-11-22 15:54:42.503 [main] INFO  com.fsl.page.TestProcessBuilder - No active profile set, falling back to default profiles: default
2019-11-22 15:54:42.637 [main] INFO  o.s.w.c.s.GenericWebApplicationContext - Refreshing org.springframework.web.context.support.GenericWebApplicationContext@13b3d178: startup date [Fri Nov 22 15:54:42 CST 2019]; root of context hierarchy
2019-11-22 15:54:43.782 [main] WARN  o.m.s.mapper.ClassPathMapperScanner - Skipping MapperFactoryBean with name 'studentDao' and 'com.fsl.page.dao.StudentDao' mapperInterface. Bean already defined with the same name!
2019-11-22 15:54:43.782 [main] WARN  o.m.s.mapper.ClassPathMapperScanner - No MyBatis mapper was found in '[com.fsl.page.dao]' package. Please check your configuration.
2019-11-22 15:54:45.379 [main] INFO  c.a.d.s.b.a.DruidDataSourceAutoConfigure - Init DruidDataSource
2019-11-22 15:54:46.623 [main] INFO  c.alibaba.druid.pool.DruidDataSource - {dataSource-1} inited
2019-11-22 15:54:47.658 [main] INFO  o.s.w.s.h.SimpleUrlHandlerMapping - Mapped URL path [/**/favicon.ico] onto handler of type [class org.springframework.web.servlet.resource.ResourceHttpRequestHandler]
2019-11-22 15:54:48.116 [main] INFO  o.s.w.s.m.m.a.RequestMappingHandlerAdapter - Looking for @ControllerAdvice: org.springframework.web.context.support.GenericWebApplicationContext@13b3d178: startup date [Fri Nov 22 15:54:42 CST 2019]; root of context hierarchy
2019-11-22 15:54:48.261 [main] INFO  o.s.w.s.m.m.a.RequestMappingHandlerMapping - Mapped "{[/error]}" onto public org.springframework.http.ResponseEntity<java.util.Map<java.lang.String, java.lang.Object>> org.springframework.boot.autoconfigure.web.servlet.error.BasicErrorController.error(javax.servlet.http.HttpServletRequest)
2019-11-22 15:54:48.263 [main] INFO  o.s.w.s.m.m.a.RequestMappingHandlerMapping - Mapped "{[/error],produces=[text/html]}" onto public org.springframework.web.servlet.ModelAndView org.springframework.boot.autoconfigure.web.servlet.error.BasicErrorController.errorHtml(javax.servlet.http.HttpServletRequest,javax.servlet.http.HttpServletResponse)
2019-11-22 15:54:48.347 [main] INFO  o.s.w.s.h.SimpleUrlHandlerMapping - Mapped URL path [/webjars/**] onto handler of type [class org.springframework.web.servlet.resource.ResourceHttpRequestHandler]
2019-11-22 15:54:48.348 [main] INFO  o.s.w.s.h.SimpleUrlHandlerMapping - Mapped URL path [/**] onto handler of type [class org.springframework.web.servlet.resource.ResourceHttpRequestHandler]
2019-11-22 15:54:49.033 [main] INFO  com.fsl.page.TestProcessBuilder - Started TestProcessBuilder in 7.869 seconds (JVM running for 10.743)
2019-11-22 15:54:49.472 [main] DEBUG c.f.p.dao.StudentDao.selectAll_COUNT - ==>  Preparing: SELECT count(0) FROM student 
2019-11-22 15:54:49.525 [main] DEBUG c.f.p.dao.StudentDao.selectAll_COUNT - ==> Parameters: 
2019-11-22 15:54:49.626 [main] DEBUG c.f.p.dao.StudentDao.selectAll_COUNT - <==      Total: 1
2019-11-22 15:54:49.630 [main] DEBUG c.fsl.page.dao.StudentDao.selectAll - ==>  Preparing: select * from student LIMIT ? 
2019-11-22 15:54:49.633 [main] DEBUG c.fsl.page.dao.StudentDao.selectAll - ==> Parameters: 5(Integer)
2019-11-22 15:54:49.642 [main] DEBUG c.fsl.page.dao.StudentDao.selectAll - <==      Total: 5
2019-11-22 15:54:49.653 [Thread-3] INFO  o.s.w.c.s.GenericWebApplicationContext - Closing org.springframework.web.context.support.GenericWebApplicationContext@13b3d178: startup date [Fri Nov 22 15:54:42 CST 2019]; root of context hierarchy
2019-11-22 15:54:49.674 [Thread-3] INFO  c.alibaba.druid.pool.DruidDataSource - {dataSource-1} closed
2019-11-22 15:55:26.634 [main] INFO  com.fsl.page.TestProcessBuilder - Starting TestProcessBuilder on localhost with PID 44018 (started by a123 in /Users/a123/Downloads/mplpage)
2019-11-22 15:55:26.636 [main] DEBUG com.fsl.page.TestProcessBuilder - Running with Spring Boot v2.0.3.RELEASE, Spring v5.0.7.RELEASE
2019-11-22 15:55:26.645 [main] INFO  com.fsl.page.TestProcessBuilder - No active profile set, falling back to default profiles: default
2019-11-22 15:55:26.712 [main] INFO  o.s.w.c.s.GenericWebApplicationContext - Refreshing org.springframework.web.context.support.GenericWebApplicationContext@13b3d178: startup date [Fri Nov 22 15:55:26 CST 2019]; root of context hierarchy
2019-11-22 15:55:27.693 [main] WARN  o.m.s.mapper.ClassPathMapperScanner - Skipping MapperFactoryBean with name 'studentDao' and 'com.fsl.page.dao.StudentDao' mapperInterface. Bean already defined with the same name!
2019-11-22 15:55:27.694 [main] WARN  o.m.s.mapper.ClassPathMapperScanner - No MyBatis mapper was found in '[com.fsl.page.dao]' package. Please check your configuration.
2019-11-22 15:55:29.382 [main] INFO  c.a.d.s.b.a.DruidDataSourceAutoConfigure - Init DruidDataSource
2019-11-22 15:55:30.320 [main] INFO  c.alibaba.druid.pool.DruidDataSource - {dataSource-1} inited
2019-11-22 15:55:31.289 [main] INFO  o.s.w.s.h.SimpleUrlHandlerMapping - Mapped URL path [/**/favicon.ico] onto handler of type [class org.springframework.web.servlet.resource.ResourceHttpRequestHandler]
2019-11-22 15:55:31.740 [main] INFO  o.s.w.s.m.m.a.RequestMappingHandlerAdapter - Looking for @ControllerAdvice: org.springframework.web.context.support.GenericWebApplicationContext@13b3d178: startup date [Fri Nov 22 15:55:26 CST 2019]; root of context hierarchy
2019-11-22 15:55:31.893 [main] INFO  o.s.w.s.m.m.a.RequestMappingHandlerMapping - Mapped "{[/error]}" onto public org.springframework.http.ResponseEntity<java.util.Map<java.lang.String, java.lang.Object>> org.springframework.boot.autoconfigure.web.servlet.error.BasicErrorController.error(javax.servlet.http.HttpServletRequest)
2019-11-22 15:55:31.895 [main] INFO  o.s.w.s.m.m.a.RequestMappingHandlerMapping - Mapped "{[/error],produces=[text/html]}" onto public org.springframework.web.servlet.ModelAndView org.springframework.boot.autoconfigure.web.servlet.error.BasicErrorController.errorHtml(javax.servlet.http.HttpServletRequest,javax.servlet.http.HttpServletResponse)
2019-11-22 15:55:31.944 [main] INFO  o.s.w.s.h.SimpleUrlHandlerMapping - Mapped URL path [/webjars/**] onto handler of type [class org.springframework.web.servlet.resource.ResourceHttpRequestHandler]
2019-11-22 15:55:31.945 [main] INFO  o.s.w.s.h.SimpleUrlHandlerMapping - Mapped URL path [/**] onto handler of type [class org.springframework.web.servlet.resource.ResourceHttpRequestHandler]
2019-11-22 15:55:32.753 [main] INFO  com.fsl.page.TestProcessBuilder - Started TestProcessBuilder in 7.273 seconds (JVM running for 9.52)
2019-11-22 15:55:33.091 [main] DEBUG c.f.p.dao.StudentDao.selectAll_COUNT - ==>  Preparing: SELECT count(0) FROM student 
2019-11-22 15:55:33.148 [main] DEBUG c.f.p.dao.StudentDao.selectAll_COUNT - ==> Parameters: 
2019-11-22 15:55:33.175 [main] DEBUG c.f.p.dao.StudentDao.selectAll_COUNT - <==      Total: 1
2019-11-22 15:55:33.177 [main] DEBUG c.fsl.page.dao.StudentDao.selectAll - ==>  Preparing: select * from student LIMIT ? 
2019-11-22 15:55:33.179 [main] DEBUG c.fsl.page.dao.StudentDao.selectAll - ==> Parameters: 5(Integer)
2019-11-22 15:55:33.190 [main] DEBUG c.fsl.page.dao.StudentDao.selectAll - <==      Total: 5
2019-11-22 15:55:33.197 [Thread-3] INFO  o.s.w.c.s.GenericWebApplicationContext - Closing org.springframework.web.context.support.GenericWebApplicationContext@13b3d178: startup date [Fri Nov 22 15:55:26 CST 2019]; root of context hierarchy
2019-11-22 15:55:33.216 [Thread-3] INFO  c.alibaba.druid.pool.DruidDataSource - {dataSource-1} closed
2019-11-22 15:56:13.194 [main] INFO  com.fsl.page.TestProcessBuilder - Starting TestProcessBuilder on localhost with PID 44032 (started by a123 in /Users/a123/Downloads/mplpage)
2019-11-22 15:56:13.199 [main] DEBUG com.fsl.page.TestProcessBuilder - Running with Spring Boot v2.0.3.RELEASE, Spring v5.0.7.RELEASE
2019-11-22 15:56:13.212 [main] INFO  com.fsl.page.TestProcessBuilder - No active profile set, falling back to default profiles: default
2019-11-22 15:56:13.329 [main] INFO  o.s.w.c.s.GenericWebApplicationContext - Refreshing org.springframework.web.context.support.GenericWebApplicationContext@65ef722a: startup date [Fri Nov 22 15:56:13 CST 2019]; root of context hierarchy
2019-11-22 15:56:14.551 [main] WARN  o.m.s.mapper.ClassPathMapperScanner - Skipping MapperFactoryBean with name 'studentDao' and 'com.fsl.page.dao.StudentDao' mapperInterface. Bean already defined with the same name!
2019-11-22 15:56:14.551 [main] WARN  o.m.s.mapper.ClassPathMapperScanner - No MyBatis mapper was found in '[com.fsl.page.dao]' package. Please check your configuration.
2019-11-22 15:56:16.673 [main] INFO  c.a.d.s.b.a.DruidDataSourceAutoConfigure - Init DruidDataSource
2019-11-22 15:56:18.641 [main] INFO  c.alibaba.druid.pool.DruidDataSource - {dataSource-1} inited
2019-11-22 15:56:20.192 [main] INFO  o.s.w.s.h.SimpleUrlHandlerMapping - Mapped URL path [/**/favicon.ico] onto handler of type [class org.springframework.web.servlet.resource.ResourceHttpRequestHandler]
2019-11-22 15:56:20.817 [main] INFO  o.s.w.s.m.m.a.RequestMappingHandlerAdapter - Looking for @ControllerAdvice: org.springframework.web.context.support.GenericWebApplicationContext@65ef722a: startup date [Fri Nov 22 15:56:13 CST 2019]; root of context hierarchy
2019-11-22 15:56:21.015 [main] INFO  o.s.w.s.m.m.a.RequestMappingHandlerMapping - Mapped "{[/error]}" onto public org.springframework.http.ResponseEntity<java.util.Map<java.lang.String, java.lang.Object>> org.springframework.boot.autoconfigure.web.servlet.error.BasicErrorController.error(javax.servlet.http.HttpServletRequest)
2019-11-22 15:56:21.018 [main] INFO  o.s.w.s.m.m.a.RequestMappingHandlerMapping - Mapped "{[/error],produces=[text/html]}" onto public org.springframework.web.servlet.ModelAndView org.springframework.boot.autoconfigure.web.servlet.error.BasicErrorController.errorHtml(javax.servlet.http.HttpServletRequest,javax.servlet.http.HttpServletResponse)
2019-11-22 15:56:21.133 [main] INFO  o.s.w.s.h.SimpleUrlHandlerMapping - Mapped URL path [/webjars/**] onto handler of type [class org.springframework.web.servlet.resource.ResourceHttpRequestHandler]
2019-11-22 15:56:21.133 [main] INFO  o.s.w.s.h.SimpleUrlHandlerMapping - Mapped URL path [/**] onto handler of type [class org.springframework.web.servlet.resource.ResourceHttpRequestHandler]
2019-11-22 15:56:22.377 [main] INFO  com.fsl.page.TestProcessBuilder - Started TestProcessBuilder in 10.46 seconds (JVM running for 13.497)
2019-11-22 15:56:22.811 [main] DEBUG c.f.p.dao.StudentDao.selectAll_COUNT - ==>  Preparing: SELECT count(0) FROM student 
2019-11-22 15:56:22.873 [main] DEBUG c.f.p.dao.StudentDao.selectAll_COUNT - ==> Parameters: 
2019-11-22 15:56:22.938 [main] DEBUG c.f.p.dao.StudentDao.selectAll_COUNT - <==      Total: 1
2019-11-22 15:56:22.944 [main] DEBUG c.fsl.page.dao.StudentDao.selectAll - ==>  Preparing: select * from student LIMIT ?, ? 
2019-11-22 15:56:22.951 [main] DEBUG c.fsl.page.dao.StudentDao.selectAll - ==> Parameters: 5(Integer), 5(Integer)
2019-11-22 15:56:22.983 [main] DEBUG c.fsl.page.dao.StudentDao.selectAll - <==      Total: 5
2019-11-22 15:56:22.997 [Thread-3] INFO  o.s.w.c.s.GenericWebApplicationContext - Closing org.springframework.web.context.support.GenericWebApplicationContext@65ef722a: startup date [Fri Nov 22 15:56:13 CST 2019]; root of context hierarchy
2019-11-22 15:56:23.027 [Thread-3] INFO  c.alibaba.druid.pool.DruidDataSource - {dataSource-1} closed
2019-11-22 15:57:01.619 [main] INFO  com.fsl.page.TestProcessBuilder - Starting TestProcessBuilder on localhost with PID 44049 (started by a123 in /Users/a123/Downloads/mplpage)
2019-11-22 15:57:01.620 [main] DEBUG com.fsl.page.TestProcessBuilder - Running with Spring Boot v2.0.3.RELEASE, Spring v5.0.7.RELEASE
2019-11-22 15:57:01.626 [main] INFO  com.fsl.page.TestProcessBuilder - No active profile set, falling back to default profiles: default
2019-11-22 15:57:01.735 [main] INFO  o.s.w.c.s.GenericWebApplicationContext - Refreshing org.springframework.web.context.support.GenericWebApplicationContext@13b3d178: startup date [Fri Nov 22 15:57:01 CST 2019]; root of context hierarchy
2019-11-22 15:57:04.177 [main] INFO  c.a.d.s.b.a.DruidDataSourceAutoConfigure - Init DruidDataSource
2019-11-22 15:57:05.243 [main] INFO  c.alibaba.druid.pool.DruidDataSource - {dataSource-1} inited
2019-11-22 15:57:06.181 [main] INFO  o.s.w.s.h.SimpleUrlHandlerMapping - Mapped URL path [/**/favicon.ico] onto handler of type [class org.springframework.web.servlet.resource.ResourceHttpRequestHandler]
2019-11-22 15:57:06.636 [main] INFO  o.s.w.s.m.m.a.RequestMappingHandlerAdapter - Looking for @ControllerAdvice: org.springframework.web.context.support.GenericWebApplicationContext@13b3d178: startup date [Fri Nov 22 15:57:01 CST 2019]; root of context hierarchy
2019-11-22 15:57:06.769 [main] INFO  o.s.w.s.m.m.a.RequestMappingHandlerMapping - Mapped "{[/error]}" onto public org.springframework.http.ResponseEntity<java.util.Map<java.lang.String, java.lang.Object>> org.springframework.boot.autoconfigure.web.servlet.error.BasicErrorController.error(javax.servlet.http.HttpServletRequest)
2019-11-22 15:57:06.771 [main] INFO  o.s.w.s.m.m.a.RequestMappingHandlerMapping - Mapped "{[/error],produces=[text/html]}" onto public org.springframework.web.servlet.ModelAndView org.springframework.boot.autoconfigure.web.servlet.error.BasicErrorController.errorHtml(javax.servlet.http.HttpServletRequest,javax.servlet.http.HttpServletResponse)
2019-11-22 15:57:06.827 [main] INFO  o.s.w.s.h.SimpleUrlHandlerMapping - Mapped URL path [/webjars/**] onto handler of type [class org.springframework.web.servlet.resource.ResourceHttpRequestHandler]
2019-11-22 15:57:06.828 [main] INFO  o.s.w.s.h.SimpleUrlHandlerMapping - Mapped URL path [/**] onto handler of type [class org.springframework.web.servlet.resource.ResourceHttpRequestHandler]
2019-11-22 15:57:07.686 [main] INFO  com.fsl.page.TestProcessBuilder - Started TestProcessBuilder in 7.207 seconds (JVM running for 9.578)
2019-11-22 15:57:08.033 [main] DEBUG c.f.p.dao.StudentDao.selectAll_COUNT - ==>  Preparing: SELECT count(0) FROM student 
2019-11-22 15:57:08.092 [main] DEBUG c.f.p.dao.StudentDao.selectAll_COUNT - ==> Parameters: 
2019-11-22 15:57:08.131 [main] DEBUG c.f.p.dao.StudentDao.selectAll_COUNT - <==      Total: 1
2019-11-22 15:57:08.144 [main] DEBUG c.fsl.page.dao.StudentDao.selectAll - ==>  Preparing: select * from student LIMIT ?, ? 
2019-11-22 15:57:08.146 [main] DEBUG c.fsl.page.dao.StudentDao.selectAll - ==> Parameters: 5(Integer), 5(Integer)
2019-11-22 15:57:08.161 [main] DEBUG c.fsl.page.dao.StudentDao.selectAll - <==      Total: 5
2019-11-22 15:57:08.168 [Thread-3] INFO  o.s.w.c.s.GenericWebApplicationContext - Closing org.springframework.web.context.support.GenericWebApplicationContext@13b3d178: startup date [Fri Nov 22 15:57:01 CST 2019]; root of context hierarchy
2019-11-22 15:57:08.185 [Thread-3] INFO  c.alibaba.druid.pool.DruidDataSource - {dataSource-1} closed
2019-11-22 15:57:46.667 [main] INFO  com.fsl.page.TestProcessBuilder - Starting TestProcessBuilder on localhost with PID 44066 (started by a123 in /Users/a123/Downloads/mplpage)
2019-11-22 15:57:46.669 [main] DEBUG com.fsl.page.TestProcessBuilder - Running with Spring Boot v2.0.3.RELEASE, Spring v5.0.7.RELEASE
2019-11-22 15:57:46.676 [main] INFO  com.fsl.page.TestProcessBuilder - No active profile set, falling back to default profiles: default
2019-11-22 15:57:46.884 [main] INFO  o.s.w.c.s.GenericWebApplicationContext - Refreshing org.springframework.web.context.support.GenericWebApplicationContext@10567255: startup date [Fri Nov 22 15:57:46 CST 2019]; root of context hierarchy
2019-11-22 15:57:49.745 [main] INFO  c.a.d.s.b.a.DruidDataSourceAutoConfigure - Init DruidDataSource
2019-11-22 15:57:51.072 [main] INFO  c.alibaba.druid.pool.DruidDataSource - {dataSource-1} inited
2019-11-22 15:57:52.475 [main] INFO  o.s.w.s.h.SimpleUrlHandlerMapping - Mapped URL path [/**/favicon.ico] onto handler of type [class org.springframework.web.servlet.resource.ResourceHttpRequestHandler]
2019-11-22 15:57:52.978 [main] INFO  o.s.w.s.m.m.a.RequestMappingHandlerAdapter - Looking for @ControllerAdvice: org.springframework.web.context.support.GenericWebApplicationContext@10567255: startup date [Fri Nov 22 15:57:46 CST 2019]; root of context hierarchy
2019-11-22 15:57:53.157 [main] INFO  o.s.w.s.m.m.a.RequestMappingHandlerMapping - Mapped "{[/error]}" onto public org.springframework.http.ResponseEntity<java.util.Map<java.lang.String, java.lang.Object>> org.springframework.boot.autoconfigure.web.servlet.error.BasicErrorController.error(javax.servlet.http.HttpServletRequest)
2019-11-22 15:57:53.160 [main] INFO  o.s.w.s.m.m.a.RequestMappingHandlerMapping - Mapped "{[/error],produces=[text/html]}" onto public org.springframework.web.servlet.ModelAndView org.springframework.boot.autoconfigure.web.servlet.error.BasicErrorController.errorHtml(javax.servlet.http.HttpServletRequest,javax.servlet.http.HttpServletResponse)
2019-11-22 15:57:53.317 [main] INFO  o.s.w.s.h.SimpleUrlHandlerMapping - Mapped URL path [/webjars/**] onto handler of type [class org.springframework.web.servlet.resource.ResourceHttpRequestHandler]
2019-11-22 15:57:53.317 [main] INFO  o.s.w.s.h.SimpleUrlHandlerMapping - Mapped URL path [/**] onto handler of type [class org.springframework.web.servlet.resource.ResourceHttpRequestHandler]
2019-11-22 15:57:54.126 [main] INFO  com.fsl.page.TestProcessBuilder - Started TestProcessBuilder in 8.648 seconds (JVM running for 11.624)
2019-11-22 15:57:54.637 [main] DEBUG c.f.p.dao.StudentDao.selectAll_COUNT - ==>  Preparing: SELECT count(0) FROM student 
2019-11-22 15:57:54.707 [main] DEBUG c.f.p.dao.StudentDao.selectAll_COUNT - ==> Parameters: 
2019-11-22 15:57:54.750 [main] DEBUG c.f.p.dao.StudentDao.selectAll_COUNT - <==      Total: 1
2019-11-22 15:57:54.775 [main] DEBUG c.fsl.page.dao.StudentDao.selectAll - ==>  Preparing: select * from student LIMIT ?, ? 
2019-11-22 15:57:54.777 [main] DEBUG c.fsl.page.dao.StudentDao.selectAll - ==> Parameters: 5(Integer), 5(Integer)
2019-11-22 15:57:54.795 [main] DEBUG c.fsl.page.dao.StudentDao.selectAll - <==      Total: 5
2019-11-22 15:57:54.821 [Thread-3] INFO  o.s.w.c.s.GenericWebApplicationContext - Closing org.springframework.web.context.support.GenericWebApplicationContext@10567255: startup date [Fri Nov 22 15:57:46 CST 2019]; root of context hierarchy
2019-11-22 15:57:54.839 [Thread-3] INFO  c.alibaba.druid.pool.DruidDataSource - {dataSource-1} closed
2019-11-22 15:59:18.613 [main] INFO  com.fsl.page.TestProcessBuilder - Starting TestProcessBuilder on localhost with PID 44094 (started by a123 in /Users/a123/Downloads/mplpage)
2019-11-22 15:59:18.617 [main] DEBUG com.fsl.page.TestProcessBuilder - Running with Spring Boot v2.0.3.RELEASE, Spring v5.0.7.RELEASE
2019-11-22 15:59:18.646 [main] INFO  com.fsl.page.TestProcessBuilder - No active profile set, falling back to default profiles: default
2019-11-22 15:59:18.818 [main] INFO  o.s.w.c.s.GenericWebApplicationContext - Refreshing org.springframework.web.context.support.GenericWebApplicationContext@5cad8b7d: startup date [Fri Nov 22 15:59:18 CST 2019]; root of context hierarchy
2019-11-22 15:59:23.456 [main] INFO  c.a.d.s.b.a.DruidDataSourceAutoConfigure - Init DruidDataSource
2019-11-22 15:59:24.696 [main] INFO  c.alibaba.druid.pool.DruidDataSource - {dataSource-1} inited
2019-11-22 15:59:25.917 [main] INFO  o.s.w.s.h.SimpleUrlHandlerMapping - Mapped URL path [/**/favicon.ico] onto handler of type [class org.springframework.web.servlet.resource.ResourceHttpRequestHandler]
2019-11-22 15:59:26.453 [main] INFO  o.s.w.s.m.m.a.RequestMappingHandlerAdapter - Looking for @ControllerAdvice: org.springframework.web.context.support.GenericWebApplicationContext@5cad8b7d: startup date [Fri Nov 22 15:59:18 CST 2019]; root of context hierarchy
2019-11-22 15:59:26.674 [main] INFO  o.s.w.s.m.m.a.RequestMappingHandlerMapping - Mapped "{[/error]}" onto public org.springframework.http.ResponseEntity<java.util.Map<java.lang.String, java.lang.Object>> org.springframework.boot.autoconfigure.web.servlet.error.BasicErrorController.error(javax.servlet.http.HttpServletRequest)
2019-11-22 15:59:26.680 [main] INFO  o.s.w.s.m.m.a.RequestMappingHandlerMapping - Mapped "{[/error],produces=[text/html]}" onto public org.springframework.web.servlet.ModelAndView org.springframework.boot.autoconfigure.web.servlet.error.BasicErrorController.errorHtml(javax.servlet.http.HttpServletRequest,javax.servlet.http.HttpServletResponse)
2019-11-22 15:59:26.776 [main] INFO  o.s.w.s.h.SimpleUrlHandlerMapping - Mapped URL path [/webjars/**] onto handler of type [class org.springframework.web.servlet.resource.ResourceHttpRequestHandler]
2019-11-22 15:59:26.777 [main] INFO  o.s.w.s.h.SimpleUrlHandlerMapping - Mapped URL path [/**] onto handler of type [class org.springframework.web.servlet.resource.ResourceHttpRequestHandler]
2019-11-22 15:59:27.795 [main] INFO  com.fsl.page.TestProcessBuilder - Started TestProcessBuilder in 10.766 seconds (JVM running for 13.885)
2019-11-22 15:59:28.242 [main] DEBUG c.f.p.dao.StudentDao.selectAll_COUNT - ==>  Preparing: SELECT count(0) FROM student 
2019-11-22 15:59:28.314 [main] DEBUG c.f.p.dao.StudentDao.selectAll_COUNT - ==> Parameters: 
2019-11-22 15:59:28.368 [main] DEBUG c.f.p.dao.StudentDao.selectAll_COUNT - <==      Total: 1
2019-11-22 15:59:28.373 [main] DEBUG c.fsl.page.dao.StudentDao.selectAll - ==>  Preparing: select * from student LIMIT ? OFFSET ? 
2019-11-22 15:59:28.376 [main] DEBUG c.fsl.page.dao.StudentDao.selectAll - ==> Parameters: 5(Integer), 5(Integer)
2019-11-22 15:59:28.388 [main] DEBUG c.fsl.page.dao.StudentDao.selectAll - <==      Total: 5
2019-11-22 15:59:28.417 [Thread-3] INFO  o.s.w.c.s.GenericWebApplicationContext - Closing org.springframework.web.context.support.GenericWebApplicationContext@5cad8b7d: startup date [Fri Nov 22 15:59:18 CST 2019]; root of context hierarchy
2019-11-22 15:59:28.436 [Thread-3] INFO  c.alibaba.druid.pool.DruidDataSource - {dataSource-1} closed
2019-11-22 15:59:56.529 [main] INFO  com.fsl.page.TestProcessBuilder - Starting TestProcessBuilder on localhost with PID 44109 (started by a123 in /Users/a123/Downloads/mplpage)
2019-11-22 15:59:56.532 [main] DEBUG com.fsl.page.TestProcessBuilder - Running with Spring Boot v2.0.3.RELEASE, Spring v5.0.7.RELEASE
2019-11-22 15:59:56.537 [main] INFO  com.fsl.page.TestProcessBuilder - No active profile set, falling back to default profiles: default
2019-11-22 15:59:56.697 [main] INFO  o.s.w.c.s.GenericWebApplicationContext - Refreshing org.springframework.web.context.support.GenericWebApplicationContext@64b31700: startup date [Fri Nov 22 15:59:56 CST 2019]; root of context hierarchy
2019-11-22 15:59:59.641 [main] INFO  c.a.d.s.b.a.DruidDataSourceAutoConfigure - Init DruidDataSource
2019-11-22 16:00:00.741 [main] INFO  c.alibaba.druid.pool.DruidDataSource - {dataSource-1} inited
2019-11-22 16:00:02.599 [main] INFO  o.s.w.s.h.SimpleUrlHandlerMapping - Mapped URL path [/**/favicon.ico] onto handler of type [class org.springframework.web.servlet.resource.ResourceHttpRequestHandler]
2019-11-22 16:00:03.570 [main] INFO  o.s.w.s.m.m.a.RequestMappingHandlerAdapter - Looking for @ControllerAdvice: org.springframework.web.context.support.GenericWebApplicationContext@64b31700: startup date [Fri Nov 22 15:59:56 CST 2019]; root of context hierarchy
2019-11-22 16:00:03.743 [main] INFO  o.s.w.s.m.m.a.RequestMappingHandlerMapping - Mapped "{[/error]}" onto public org.springframework.http.ResponseEntity<java.util.Map<java.lang.String, java.lang.Object>> org.springframework.boot.autoconfigure.web.servlet.error.BasicErrorController.error(javax.servlet.http.HttpServletRequest)
2019-11-22 16:00:03.746 [main] INFO  o.s.w.s.m.m.a.RequestMappingHandlerMapping - Mapped "{[/error],produces=[text/html]}" onto public org.springframework.web.servlet.ModelAndView org.springframework.boot.autoconfigure.web.servlet.error.BasicErrorController.errorHtml(javax.servlet.http.HttpServletRequest,javax.servlet.http.HttpServletResponse)
2019-11-22 16:00:03.910 [main] INFO  o.s.w.s.h.SimpleUrlHandlerMapping - Mapped URL path [/webjars/**] onto handler of type [class org.springframework.web.servlet.resource.ResourceHttpRequestHandler]
2019-11-22 16:00:03.923 [main] INFO  o.s.w.s.h.SimpleUrlHandlerMapping - Mapped URL path [/**] onto handler of type [class org.springframework.web.servlet.resource.ResourceHttpRequestHandler]
2019-11-22 16:00:04.754 [main] INFO  com.fsl.page.TestProcessBuilder - Started TestProcessBuilder in 9.625 seconds (JVM running for 12.96)
2019-11-22 16:00:05.245 [main] DEBUG c.f.p.dao.StudentDao.selectAll_COUNT - ==>  Preparing: SELECT count(0) FROM student 
2019-11-22 16:00:05.326 [main] DEBUG c.f.p.dao.StudentDao.selectAll_COUNT - ==> Parameters: 
2019-11-22 16:00:05.532 [main] DEBUG c.f.p.dao.StudentDao.selectAll_COUNT - <==      Total: 1
2019-11-22 16:00:05.536 [main] DEBUG c.fsl.page.dao.StudentDao.selectAll - ==>  Preparing: select * from student LIMIT ? OFFSET ? 
2019-11-22 16:00:05.539 [main] DEBUG c.fsl.page.dao.StudentDao.selectAll - ==> Parameters: 5(Integer), 5(Integer)
2019-11-22 16:00:05.559 [main] DEBUG c.fsl.page.dao.StudentDao.selectAll - <==      Total: 5
2019-11-22 16:00:05.571 [Thread-3] INFO  o.s.w.c.s.GenericWebApplicationContext - Closing org.springframework.web.context.support.GenericWebApplicationContext@64b31700: startup date [Fri Nov 22 15:59:56 CST 2019]; root of context hierarchy
2019-11-22 16:00:05.591 [Thread-3] INFO  c.alibaba.druid.pool.DruidDataSource - {dataSource-1} closed
2019-11-22 16:01:17.388 [main] INFO  com.fsl.page.TestProcessBuilder - Starting TestProcessBuilder on localhost with PID 44139 (started by a123 in /Users/a123/Downloads/mplpage)
2019-11-22 16:01:17.390 [main] DEBUG com.fsl.page.TestProcessBuilder - Running with Spring Boot v2.0.3.RELEASE, Spring v5.0.7.RELEASE
2019-11-22 16:01:17.428 [main] INFO  com.fsl.page.TestProcessBuilder - No active profile set, falling back to default profiles: default
2019-11-22 16:01:17.507 [main] INFO  o.s.w.c.s.GenericWebApplicationContext - Refreshing org.springframework.web.context.support.GenericWebApplicationContext@7b7fdc8: startup date [Fri Nov 22 16:01:17 CST 2019]; root of context hierarchy
2019-11-22 16:01:20.073 [main] INFO  c.a.d.s.b.a.DruidDataSourceAutoConfigure - Init DruidDataSource
2019-11-22 16:01:21.157 [main] INFO  c.alibaba.druid.pool.DruidDataSource - {dataSource-1} inited
2019-11-22 16:01:22.106 [main] INFO  o.s.w.s.h.SimpleUrlHandlerMapping - Mapped URL path [/**/favicon.ico] onto handler of type [class org.springframework.web.servlet.resource.ResourceHttpRequestHandler]
2019-11-22 16:01:22.538 [main] INFO  o.s.w.s.m.m.a.RequestMappingHandlerAdapter - Looking for @ControllerAdvice: org.springframework.web.context.support.GenericWebApplicationContext@7b7fdc8: startup date [Fri Nov 22 16:01:17 CST 2019]; root of context hierarchy
2019-11-22 16:01:22.694 [main] INFO  o.s.w.s.m.m.a.RequestMappingHandlerMapping - Mapped "{[/error]}" onto public org.springframework.http.ResponseEntity<java.util.Map<java.lang.String, java.lang.Object>> org.springframework.boot.autoconfigure.web.servlet.error.BasicErrorController.error(javax.servlet.http.HttpServletRequest)
2019-11-22 16:01:22.699 [main] INFO  o.s.w.s.m.m.a.RequestMappingHandlerMapping - Mapped "{[/error],produces=[text/html]}" onto public org.springframework.web.servlet.ModelAndView org.springframework.boot.autoconfigure.web.servlet.error.BasicErrorController.errorHtml(javax.servlet.http.HttpServletRequest,javax.servlet.http.HttpServletResponse)
2019-11-22 16:01:22.746 [main] INFO  o.s.w.s.h.SimpleUrlHandlerMapping - Mapped URL path [/webjars/**] onto handler of type [class org.springframework.web.servlet.resource.ResourceHttpRequestHandler]
2019-11-22 16:01:22.746 [main] INFO  o.s.w.s.h.SimpleUrlHandlerMapping - Mapped URL path [/**] onto handler of type [class org.springframework.web.servlet.resource.ResourceHttpRequestHandler]
2019-11-22 16:01:23.388 [main] INFO  com.fsl.page.TestProcessBuilder - Started TestProcessBuilder in 7.292 seconds (JVM running for 9.939)
2019-11-22 16:01:23.757 [main] DEBUG c.f.p.dao.StudentDao.selectAll_COUNT - ==>  Preparing: SELECT count(0) FROM student 
2019-11-22 16:01:23.808 [main] DEBUG c.f.p.dao.StudentDao.selectAll_COUNT - ==> Parameters: 
2019-11-22 16:01:23.862 [main] DEBUG c.f.p.dao.StudentDao.selectAll_COUNT - <==      Total: 1
2019-11-22 16:01:23.867 [main] DEBUG c.fsl.page.dao.StudentDao.selectAll - ==>  Preparing: select * from student LIMIT ? OFFSET ? 
2019-11-22 16:01:23.878 [main] DEBUG c.fsl.page.dao.StudentDao.selectAll - ==> Parameters: 5(Integer), 5(Integer)
2019-11-22 16:01:23.902 [main] DEBUG c.fsl.page.dao.StudentDao.selectAll - <==      Total: 5
2019-11-22 16:01:23.970 [Thread-3] INFO  o.s.w.c.s.GenericWebApplicationContext - Closing org.springframework.web.context.support.GenericWebApplicationContext@7b7fdc8: startup date [Fri Nov 22 16:01:17 CST 2019]; root of context hierarchy
2019-11-22 16:01:23.986 [Thread-3] INFO  c.alibaba.druid.pool.DruidDataSource - {dataSource-1} closed
2019-11-22 16:01:46.862 [main] INFO  com.fsl.page.TestProcessBuilder - Starting TestProcessBuilder on localhost with PID 44153 (started by a123 in /Users/a123/Downloads/mplpage)
2019-11-22 16:01:46.866 [main] DEBUG com.fsl.page.TestProcessBuilder - Running with Spring Boot v2.0.3.RELEASE, Spring v5.0.7.RELEASE
2019-11-22 16:01:46.869 [main] INFO  com.fsl.page.TestProcessBuilder - No active profile set, falling back to default profiles: default
2019-11-22 16:01:47.021 [main] INFO  o.s.w.c.s.GenericWebApplicationContext - Refreshing org.springframework.web.context.support.GenericWebApplicationContext@7b7fdc8: startup date [Fri Nov 22 16:01:47 CST 2019]; root of context hierarchy
2019-11-22 16:01:54.535 [main] INFO  c.a.d.s.b.a.DruidDataSourceAutoConfigure - Init DruidDataSource
2019-11-22 16:01:56.132 [main] INFO  c.alibaba.druid.pool.DruidDataSource - {dataSource-1} inited
2019-11-22 16:01:57.737 [main] INFO  o.s.w.s.h.SimpleUrlHandlerMapping - Mapped URL path [/**/favicon.ico] onto handler of type [class org.springframework.web.servlet.resource.ResourceHttpRequestHandler]
2019-11-22 16:01:58.355 [main] INFO  o.s.w.s.m.m.a.RequestMappingHandlerAdapter - Looking for @ControllerAdvice: org.springframework.web.context.support.GenericWebApplicationContext@7b7fdc8: startup date [Fri Nov 22 16:01:47 CST 2019]; root of context hierarchy
2019-11-22 16:01:58.620 [main] INFO  o.s.w.s.m.m.a.RequestMappingHandlerMapping - Mapped "{[/error]}" onto public org.springframework.http.ResponseEntity<java.util.Map<java.lang.String, java.lang.Object>> org.springframework.boot.autoconfigure.web.servlet.error.BasicErrorController.error(javax.servlet.http.HttpServletRequest)
2019-11-22 16:01:58.623 [main] INFO  o.s.w.s.m.m.a.RequestMappingHandlerMapping - Mapped "{[/error],produces=[text/html]}" onto public org.springframework.web.servlet.ModelAndView org.springframework.boot.autoconfigure.web.servlet.error.BasicErrorController.errorHtml(javax.servlet.http.HttpServletRequest,javax.servlet.http.HttpServletResponse)
2019-11-22 16:01:58.685 [main] INFO  o.s.w.s.h.SimpleUrlHandlerMapping - Mapped URL path [/webjars/**] onto handler of type [class org.springframework.web.servlet.resource.ResourceHttpRequestHandler]
2019-11-22 16:01:58.686 [main] INFO  o.s.w.s.h.SimpleUrlHandlerMapping - Mapped URL path [/**] onto handler of type [class org.springframework.web.servlet.resource.ResourceHttpRequestHandler]
2019-11-22 16:01:59.842 [main] INFO  com.fsl.page.TestProcessBuilder - Started TestProcessBuilder in 14.596 seconds (JVM running for 18.026)
2019-11-22 16:02:00.304 [main] DEBUG c.fsl.page.dao.StudentDao.selectAll - ==>  Preparing: select * from student 
2019-11-22 16:02:00.391 [main] DEBUG c.fsl.page.dao.StudentDao.selectAll - ==> Parameters: 
2019-11-22 16:02:00.438 [main] DEBUG c.fsl.page.dao.StudentDao.selectAll - <==      Total: 14
2019-11-22 16:02:00.454 [Thread-3] INFO  o.s.w.c.s.GenericWebApplicationContext - Closing org.springframework.web.context.support.GenericWebApplicationContext@7b7fdc8: startup date [Fri Nov 22 16:01:47 CST 2019]; root of context hierarchy
2019-11-22 16:02:00.481 [Thread-3] INFO  c.alibaba.druid.pool.DruidDataSource - {dataSource-1} closed
2019-11-22 16:02:46.942 [main] INFO  com.fsl.page.TestProcessBuilder - Starting TestProcessBuilder on localhost with PID 44176 (started by a123 in /Users/a123/Downloads/mplpage)
2019-11-22 16:02:46.947 [main] DEBUG com.fsl.page.TestProcessBuilder - Running with Spring Boot v2.0.3.RELEASE, Spring v5.0.7.RELEASE
2019-11-22 16:02:46.952 [main] INFO  com.fsl.page.TestProcessBuilder - No active profile set, falling back to default profiles: default
2019-11-22 16:02:47.079 [main] INFO  o.s.w.c.s.GenericWebApplicationContext - Refreshing org.springframework.web.context.support.GenericWebApplicationContext@596df867: startup date [Fri Nov 22 16:02:47 CST 2019]; root of context hierarchy
2019-11-22 16:02:50.163 [main] INFO  c.a.d.s.b.a.DruidDataSourceAutoConfigure - Init DruidDataSource
2019-11-22 16:02:51.712 [main] INFO  c.alibaba.druid.pool.DruidDataSource - {dataSource-1} inited
2019-11-22 16:02:52.883 [main] INFO  o.s.w.s.h.SimpleUrlHandlerMapping - Mapped URL path [/**/favicon.ico] onto handler of type [class org.springframework.web.servlet.resource.ResourceHttpRequestHandler]
2019-11-22 16:02:53.447 [main] INFO  o.s.w.s.m.m.a.RequestMappingHandlerAdapter - Looking for @ControllerAdvice: org.springframework.web.context.support.GenericWebApplicationContext@596df867: startup date [Fri Nov 22 16:02:47 CST 2019]; root of context hierarchy
2019-11-22 16:02:53.665 [main] INFO  o.s.w.s.m.m.a.RequestMappingHandlerMapping - Mapped "{[/error]}" onto public org.springframework.http.ResponseEntity<java.util.Map<java.lang.String, java.lang.Object>> org.springframework.boot.autoconfigure.web.servlet.error.BasicErrorController.error(javax.servlet.http.HttpServletRequest)
2019-11-22 16:02:53.668 [main] INFO  o.s.w.s.m.m.a.RequestMappingHandlerMapping - Mapped "{[/error],produces=[text/html]}" onto public org.springframework.web.servlet.ModelAndView org.springframework.boot.autoconfigure.web.servlet.error.BasicErrorController.errorHtml(javax.servlet.http.HttpServletRequest,javax.servlet.http.HttpServletResponse)
2019-11-22 16:02:53.762 [main] INFO  o.s.w.s.h.SimpleUrlHandlerMapping - Mapped URL path [/webjars/**] onto handler of type [class org.springframework.web.servlet.resource.ResourceHttpRequestHandler]
2019-11-22 16:02:53.762 [main] INFO  o.s.w.s.h.SimpleUrlHandlerMapping - Mapped URL path [/**] onto handler of type [class org.springframework.web.servlet.resource.ResourceHttpRequestHandler]
2019-11-22 16:02:54.746 [main] INFO  com.fsl.page.TestProcessBuilder - Started TestProcessBuilder in 9.393 seconds (JVM running for 12.474)
2019-11-22 16:02:55.178 [main] DEBUG c.f.p.dao.StudentDao.selectAll_COUNT - ==>  Preparing: SELECT count(0) FROM student 
2019-11-22 16:02:55.244 [main] DEBUG c.f.p.dao.StudentDao.selectAll_COUNT - ==> Parameters: 
2019-11-22 16:02:55.286 [main] DEBUG c.f.p.dao.StudentDao.selectAll_COUNT - <==      Total: 1
2019-11-22 16:02:55.292 [main] DEBUG c.fsl.page.dao.StudentDao.selectAll - ==>  Preparing: select * from student LIMIT ? 
2019-11-22 16:02:55.295 [main] DEBUG c.fsl.page.dao.StudentDao.selectAll - ==> Parameters: 5(Integer)
2019-11-22 16:02:55.306 [main] DEBUG c.fsl.page.dao.StudentDao.selectAll - <==      Total: 5
2019-11-22 16:02:55.322 [Thread-3] INFO  o.s.w.c.s.GenericWebApplicationContext - Closing org.springframework.web.context.support.GenericWebApplicationContext@596df867: startup date [Fri Nov 22 16:02:47 CST 2019]; root of context hierarchy
2019-11-22 16:02:55.347 [Thread-3] INFO  c.alibaba.druid.pool.DruidDataSource - {dataSource-1} closed
2019-11-22 16:04:28.386 [main] INFO  com.fsl.page.TestProcessBuilder - Starting TestProcessBuilder on localhost with PID 44210 (started by a123 in /Users/a123/Downloads/mplpage)
2019-11-22 16:04:28.389 [main] DEBUG com.fsl.page.TestProcessBuilder - Running with Spring Boot v2.0.3.RELEASE, Spring v5.0.7.RELEASE
2019-11-22 16:04:28.397 [main] INFO  com.fsl.page.TestProcessBuilder - No active profile set, falling back to default profiles: default
2019-11-22 16:04:28.733 [main] INFO  o.s.w.c.s.GenericWebApplicationContext - Refreshing org.springframework.web.context.support.GenericWebApplicationContext@214894fc: startup date [Fri Nov 22 16:04:28 CST 2019]; root of context hierarchy
2019-11-22 16:04:32.576 [main] INFO  c.a.d.s.b.a.DruidDataSourceAutoConfigure - Init DruidDataSource
2019-11-22 16:04:33.838 [main] INFO  c.alibaba.druid.pool.DruidDataSource - {dataSource-1} inited
2019-11-22 16:04:35.200 [main] INFO  o.s.w.s.h.SimpleUrlHandlerMapping - Mapped URL path [/**/favicon.ico] onto handler of type [class org.springframework.web.servlet.resource.ResourceHttpRequestHandler]
2019-11-22 16:04:35.739 [main] INFO  o.s.w.s.m.m.a.RequestMappingHandlerAdapter - Looking for @ControllerAdvice: org.springframework.web.context.support.GenericWebApplicationContext@214894fc: startup date [Fri Nov 22 16:04:28 CST 2019]; root of context hierarchy
2019-11-22 16:04:35.934 [main] INFO  o.s.w.s.m.m.a.RequestMappingHandlerMapping - Mapped "{[/error]}" onto public org.springframework.http.ResponseEntity<java.util.Map<java.lang.String, java.lang.Object>> org.springframework.boot.autoconfigure.web.servlet.error.BasicErrorController.error(javax.servlet.http.HttpServletRequest)
2019-11-22 16:04:35.936 [main] INFO  o.s.w.s.m.m.a.RequestMappingHandlerMapping - Mapped "{[/error],produces=[text/html]}" onto public org.springframework.web.servlet.ModelAndView org.springframework.boot.autoconfigure.web.servlet.error.BasicErrorController.errorHtml(javax.servlet.http.HttpServletRequest,javax.servlet.http.HttpServletResponse)
2019-11-22 16:04:36.058 [main] INFO  o.s.w.s.h.SimpleUrlHandlerMapping - Mapped URL path [/webjars/**] onto handler of type [class org.springframework.web.servlet.resource.ResourceHttpRequestHandler]
2019-11-22 16:04:36.060 [main] INFO  o.s.w.s.h.SimpleUrlHandlerMapping - Mapped URL path [/**] onto handler of type [class org.springframework.web.servlet.resource.ResourceHttpRequestHandler]
2019-11-22 16:04:37.065 [main] INFO  com.fsl.page.TestProcessBuilder - Started TestProcessBuilder in 10.413 seconds (JVM running for 14.242)
2019-11-22 16:04:37.423 [main] DEBUG c.fsl.page.dao.StudentDao.selectAll - ==>  Preparing: select * from student 
2019-11-22 16:04:37.488 [main] DEBUG c.fsl.page.dao.StudentDao.selectAll - ==> Parameters: 
2019-11-22 16:04:37.642 [main] DEBUG c.fsl.page.dao.StudentDao.selectAll - <==      Total: 14
2019-11-22 16:04:37.663 [Thread-3] INFO  o.s.w.c.s.GenericWebApplicationContext - Closing org.springframework.web.context.support.GenericWebApplicationContext@214894fc: startup date [Fri Nov 22 16:04:28 CST 2019]; root of context hierarchy
2019-11-22 16:04:37.699 [Thread-3] INFO  c.alibaba.druid.pool.DruidDataSource - {dataSource-1} closed
2019-11-22 16:05:35.799 [main] INFO  com.fsl.page.TestProcessBuilder - Starting TestProcessBuilder on localhost with PID 44232 (started by a123 in /Users/a123/Downloads/mplpage)
2019-11-22 16:05:35.802 [main] DEBUG com.fsl.page.TestProcessBuilder - Running with Spring Boot v2.0.3.RELEASE, Spring v5.0.7.RELEASE
2019-11-22 16:05:35.810 [main] INFO  com.fsl.page.TestProcessBuilder - No active profile set, falling back to default profiles: default
2019-11-22 16:05:35.936 [main] INFO  o.s.w.c.s.GenericWebApplicationContext - Refreshing org.springframework.web.context.support.GenericWebApplicationContext@54336c81: startup date [Fri Nov 22 16:05:35 CST 2019]; root of context hierarchy
2019-11-22 16:05:39.631 [main] INFO  c.a.d.s.b.a.DruidDataSourceAutoConfigure - Init DruidDataSource
2019-11-22 16:05:40.897 [main] INFO  c.alibaba.druid.pool.DruidDataSource - {dataSource-1} inited
2019-11-22 16:05:42.454 [main] INFO  o.s.w.s.h.SimpleUrlHandlerMapping - Mapped URL path [/**/favicon.ico] onto handler of type [class org.springframework.web.servlet.resource.ResourceHttpRequestHandler]
2019-11-22 16:05:43.007 [main] INFO  o.s.w.s.m.m.a.RequestMappingHandlerAdapter - Looking for @ControllerAdvice: org.springframework.web.context.support.GenericWebApplicationContext@54336c81: startup date [Fri Nov 22 16:05:35 CST 2019]; root of context hierarchy
2019-11-22 16:05:43.235 [main] INFO  o.s.w.s.m.m.a.RequestMappingHandlerMapping - Mapped "{[/error]}" onto public org.springframework.http.ResponseEntity<java.util.Map<java.lang.String, java.lang.Object>> org.springframework.boot.autoconfigure.web.servlet.error.BasicErrorController.error(javax.servlet.http.HttpServletRequest)
2019-11-22 16:05:43.237 [main] INFO  o.s.w.s.m.m.a.RequestMappingHandlerMapping - Mapped "{[/error],produces=[text/html]}" onto public org.springframework.web.servlet.ModelAndView org.springframework.boot.autoconfigure.web.servlet.error.BasicErrorController.errorHtml(javax.servlet.http.HttpServletRequest,javax.servlet.http.HttpServletResponse)
2019-11-22 16:05:43.337 [main] INFO  o.s.w.s.h.SimpleUrlHandlerMapping - Mapped URL path [/webjars/**] onto handler of type [class org.springframework.web.servlet.resource.ResourceHttpRequestHandler]
2019-11-22 16:05:43.338 [main] INFO  o.s.w.s.h.SimpleUrlHandlerMapping - Mapped URL path [/**] onto handler of type [class org.springframework.web.servlet.resource.ResourceHttpRequestHandler]
2019-11-22 16:05:44.247 [main] INFO  com.fsl.page.TestProcessBuilder - Started TestProcessBuilder in 9.794 seconds (JVM running for 13.372)
2019-11-22 16:05:44.675 [main] DEBUG c.f.p.dao.StudentDao.selectAll_COUNT - ==>  Preparing: SELECT count(0) FROM student 
2019-11-22 16:05:44.733 [main] DEBUG c.f.p.dao.StudentDao.selectAll_COUNT - ==> Parameters: 
2019-11-22 16:05:44.791 [main] DEBUG c.f.p.dao.StudentDao.selectAll_COUNT - <==      Total: 1
2019-11-22 16:05:44.797 [main] DEBUG c.fsl.page.dao.StudentDao.selectAll - ==>  Preparing: select * from student LIMIT ? 
2019-11-22 16:05:44.800 [main] DEBUG c.fsl.page.dao.StudentDao.selectAll - ==> Parameters: 5(Integer)
2019-11-22 16:05:44.809 [main] DEBUG c.fsl.page.dao.StudentDao.selectAll - <==      Total: 5
2019-11-22 16:05:44.821 [Thread-3] INFO  o.s.w.c.s.GenericWebApplicationContext - Closing org.springframework.web.context.support.GenericWebApplicationContext@54336c81: startup date [Fri Nov 22 16:05:35 CST 2019]; root of context hierarchy
2019-11-22 16:05:44.845 [Thread-3] INFO  c.alibaba.druid.pool.DruidDataSource - {dataSource-1} closed
